<?xml version="1.0" encoding="UTF-8"?>
<!-- Generated by org.testng.reporters.JUnitReportReporter -->
<testsuite hostname="DESKTOP-B9HQEPC" failures="0" tests="1" name="testcases.wishlists.TC06_GetWishListById" time="0.048" errors="0" timestamp="2025-05-24T21:10:43 EEST" skipped="0">
  <testcase classname="testcases.wishlists.TC06_GetWishListById" name="verifyGetWishListById_P" time="0.048"/>
</testsuite> <!-- testcases.wishlists.TC06_GetWishListById -->
