<?xml version="1.0" encoding="UTF-8"?>
<!-- Generated by org.testng.reporters.JUnitReportReporter -->
<testsuite hostname="DESKTOP-B9HQEPC" failures="0" tests="2" name="testcases.externaldata.TC06_CreateNewBookWithDataProviderJson" time="0.078" errors="0" timestamp="2025-05-24T21:10:43 EEST" skipped="0">
  <testcase classname="testcases.externaldata.TC06_CreateNewBookWithDataProviderJson" name="createNewBookWithWithDataProviderJson" time="0.043"/>
  <testcase classname="testcases.externaldata.TC06_CreateNewBookWithDataProviderJson" name="createNewBookWithWithDataProviderJson" time="0.035"/>
</testsuite> <!-- testcases.externaldata.TC06_CreateNewBookWithDataProviderJson -->
