<?xml version="1.0" encoding="UTF-8"?>
<!-- Generated by org.testng.reporters.JUnitReportReporter -->
<testsuite hostname="DESKTOP-B9HQEPC" failures="0" tests="1" name="testcases.user.TC07_DeleteUser" time="0.012" errors="0" timestamp="2025-05-24T21:10:43 EEST" skipped="0">
  <testcase classname="testcases.user.TC07_DeleteUser" name="verifyDeleteUser_P" time="0.012"/>
</testsuite> <!-- testcases.user.TC07_DeleteUser -->
