<?xml version="1.0" encoding="UTF-8"?>
<!-- Generated by org.testng.reporters.JUnitReportReporter -->
<testsuite hostname="DESKTOP-B9HQEPC" failures="0" tests="1" name="testcases.wishlists.TC03_UpdateWishList" time="0.065" errors="0" timestamp="2025-05-24T21:10:43 EEST" skipped="0">
  <testcase classname="testcases.wishlists.TC03_UpdateWishList" name="verifyUpdateWishList_P" time="0.065"/>
</testsuite> <!-- testcases.wishlists.TC03_UpdateWishList -->
