<?xml version="1.0" encoding="UTF-8"?>
<!-- Generated by org.testng.reporters.JUnitReportReporter -->
<testsuite hostname="DESKTOP-B9HQEPC" failures="0" tests="2" name="testcases.externaldata.TC06_CreateNewBookWithDataProviderJson" time="0.100" errors="0" timestamp="2025-05-25T02:17:44 EEST" skipped="0">
  <testcase classname="testcases.externaldata.TC06_CreateNewBookWithDataProviderJson" name="createNewBookWithWithDataProviderJson" time="0.053"/>
  <testcase classname="testcases.externaldata.TC06_CreateNewBookWithDataProviderJson" name="createNewBookWithWithDataProviderJson" time="0.047"/>
</testsuite> <!-- testcases.externaldata.TC06_CreateNewBookWithDataProviderJson -->
