<?xml version="1.0" encoding="UTF-8"?>
<!-- Generated by org.testng.reporters.JUnitReportReporter -->
<testsuite hostname="DESKTOP-B9HQEPC" failures="0" tests="2" name="testcases.books.TC02_GetBookById" time="0.155" errors="0" timestamp="2025-05-25T02:17:44 EEST" skipped="0">
  <testcase classname="testcases.books.TC02_GetBookById" name="verifyGetBookById_P" time="0.094"/>
  <testcase classname="testcases.books.TC02_GetBookById" name="verifyGetBookByIdAfterDeleting_P" time="0.061"/>
</testsuite> <!-- testcases.books.TC02_GetBookById -->
