<?xml version="1.0" encoding="UTF-8"?>
<!-- Generated by org.testng.reporters.JUnitReportReporter -->
<testsuite hostname="DESKTOP-B9HQEPC" failures="0" tests="3" name="testcases.externaldata.TC05_CreateNewBookWithDataProviderExcel" time="0.105" errors="0" timestamp="2025-05-24T21:10:43 EEST" skipped="0">
  <testcase classname="testcases.externaldata.TC05_CreateNewBookWithDataProviderExcel" name="createNewBookWithDataProviderExcel" time="0.033"/>
  <testcase classname="testcases.externaldata.TC05_CreateNewBookWithDataProviderExcel" name="createNewBookWithDataProviderExcel" time="0.030"/>
  <testcase classname="testcases.externaldata.TC05_CreateNewBookWithDataProviderExcel" name="createNewBookWithDataProviderExcel" time="0.042"/>
</testsuite> <!-- testcases.externaldata.TC05_CreateNewBookWithDataProviderExcel -->
