<?xml version="1.0" encoding="UTF-8"?>
<!-- Generated by org.testng.reporters.JUnitReportReporter -->
<testsuite hostname="DESKTOP-B9HQEPC" failures="0" tests="1" name="testcases.wishlists.TC07_DeleteWishList" time="0.011" errors="0" timestamp="2025-05-25T02:17:44 EEST" skipped="0">
  <testcase classname="testcases.wishlists.TC07_DeleteWishList" name="verifyDeleteWishList_P" time="0.011"/>
</testsuite> <!-- testcases.wishlists.TC07_DeleteWishList -->
