<?xml version="1.0" encoding="UTF-8"?>
<!-- Generated by org.testng.reporters.JUnitReportReporter -->
<testsuite hostname="DESKTOP-B9HQEPC" failures="0" tests="1" name="testcases.books.TC05_DeleteBook" time="0.017" errors="0" timestamp="2025-05-25T02:17:44 EEST" skipped="0">
  <testcase classname="testcases.books.TC05_DeleteBook" name="verifyDeleteBook_P" time="0.017"/>
</testsuite> <!-- testcases.books.TC05_DeleteBook -->
