<?xml version="1.0" encoding="UTF-8"?>
<!-- Generated by org.testng.reporters.JUnitReportReporter -->
<testsuite hostname="DESKTOP-B9HQEPC" failures="0" tests="1" name="testcases.externaldata.TC04_CreateNewBook_ReadExcelSheet_2" time="0.053" errors="0" timestamp="2025-05-25T02:17:44 EEST" skipped="0">
  <testcase classname="testcases.externaldata.TC04_CreateNewBook_ReadExcelSheet_2" name="validateCreateNewBookWithReadingFromExcelSheet_P" time="0.053"/>
</testsuite> <!-- testcases.externaldata.TC04_CreateNewBook_ReadExcelSheet_2 -->
