<?xml version="1.0" encoding="UTF-8"?>
<!-- Generated by org.testng.reporters.JUnitReportReporter -->
<testsuite hostname="DESKTOP-B9HQEPC" failures="0" tests="1" name="testcases.households.TC01_CreateNewHouseHold" time="0.061" errors="0" timestamp="2025-05-24T21:10:43 EEST" skipped="0">
  <testcase classname="testcases.households.TC01_CreateNewHouseHold" name="verifyCreateNewHouseHold_P" time="0.061"/>
</testsuite> <!-- testcases.households.TC01_CreateNewHouseHold -->
