<?xml version="1.0" encoding="UTF-8"?>
<!-- Generated by org.testng.reporters.JUnitReportReporter -->
<testsuite hostname="DESKTOP-B9HQEPC" failures="0" tests="1" name="testcases.households.TC05_PartialUpdateHouseHold" time="0.047" errors="0" timestamp="2025-05-25T02:17:44 EEST" skipped="0">
  <testcase classname="testcases.households.TC05_PartialUpdateHouseHold" name="verifyPartialUpdateHouseHold_P" time="0.047"/>
</testsuite> <!-- testcases.households.TC05_PartialUpdateHouseHold -->
