<?xml version="1.0" encoding="UTF-8"?>
<!-- Generated by org.testng.reporters.JUnitReportReporter -->
<testsuite hostname="DESKTOP-B9HQEPC" failures="0" tests="1" name="testcases.books.TC03_UpdateBook" time="0.214" errors="0" timestamp="2025-05-24T21:10:43 EEST" skipped="0">
  <testcase classname="testcases.books.TC03_UpdateBook" name="verifyUpdateBook_P" time="0.214"/>
</testsuite> <!-- testcases.books.TC03_UpdateBook -->
