<?xml version="1.0" encoding="UTF-8"?>
<!-- Generated by org.testng.reporters.JUnitReportReporter -->
<testsuite hostname="DESKTOP-B9HQEPC" failures="0" tests="1" name="testcases.externaldata.TC03_CreateNewBook_ReadExcelSheet_1" time="0.186" errors="0" timestamp="2025-05-25T02:17:44 EEST" skipped="0">
  <testcase classname="testcases.externaldata.TC03_CreateNewBook_ReadExcelSheet_1" name="validateCreateNewBookWithReadingFromExcelSheet_P" time="0.186"/>
</testsuite> <!-- testcases.externaldata.TC03_CreateNewBook_ReadExcelSheet_1 -->
