<?xml version="1.0" encoding="UTF-8"?>
<!-- Generated by org.testng.reporters.JUnitReportReporter -->
<testsuite hostname="DESKTOP-B9HQEPC" failures="0" tests="1" name="testcases.households.TC07_DeleteHouseHold" time="0.011" errors="0" timestamp="2025-05-24T21:10:43 EEST" skipped="0">
  <testcase classname="testcases.households.TC07_DeleteHouseHold" name="verifyDeleteHouseHold_P" time="0.011"/>
</testsuite> <!-- testcases.households.TC07_DeleteHouseHold -->
