<?xml version="1.0" encoding="UTF-8"?>
<!-- Generated by org.testng.reporters.JUnitReportReporter -->
<testsuite hostname="DESKTOP-B9HQEPC" failures="0" tests="3" name="testcases.externaldata.TC05_CreateNewBookWithDataProviderExcel" time="0.119" errors="0" timestamp="2025-05-25T02:17:44 EEST" skipped="0">
  <testcase classname="testcases.externaldata.TC05_CreateNewBookWithDataProviderExcel" name="createNewBookWithDataProviderExcel" time="0.040"/>
  <testcase classname="testcases.externaldata.TC05_CreateNewBookWithDataProviderExcel" name="createNewBookWithDataProviderExcel" time="0.040"/>
  <testcase classname="testcases.externaldata.TC05_CreateNewBookWithDataProviderExcel" name="createNewBookWithDataProviderExcel" time="0.039"/>
</testsuite> <!-- testcases.externaldata.TC05_CreateNewBookWithDataProviderExcel -->
