<?xml version="1.0" encoding="UTF-8"?>
<!-- Generated by org.testng.reporters.JUnitReportReporter -->
<testsuite hostname="DESKTOP-B9HQEPC" failures="0" tests="1" name="testcases.households.TC03_UpdateHouseHold" time="0.058" errors="0" timestamp="2025-05-25T02:17:44 EEST" skipped="0">
  <testcase classname="testcases.households.TC03_UpdateHouseHold" name="verifyUpdateHouseHold_P" time="0.058"/>
</testsuite> <!-- testcases.households.TC03_UpdateHouseHold -->
