<?xml version="1.0" encoding="UTF-8"?>
<!-- Generated by org.testng.reporters.JUnitReportReporter -->
<testsuite hostname="DESKTOP-B9HQEPC" failures="0" tests="1" name="testcases.books.TC04_PartialUpdateBook" time="0.106" errors="0" timestamp="2025-05-24T21:10:43 EEST" skipped="0">
  <testcase classname="testcases.books.TC04_PartialUpdateBook" name="verifyPartialUpdateBook_P" time="0.106"/>
</testsuite> <!-- testcases.books.TC04_PartialUpdateBook -->
