<?xml version="1.0" encoding="UTF-8"?>
<!-- Generated by org.testng.reporters.JUnitReportReporter -->
<testsuite hostname="DESKTOP-B9HQEPC" failures="0" tests="1" name="testcases.user.TC06_GetUserById" time="0.050" errors="0" timestamp="2025-05-24T21:10:43 EEST" skipped="0">
  <testcase classname="testcases.user.TC06_GetUserById" name="verifyGetUserById_P" time="0.050"/>
</testsuite> <!-- testcases.user.TC06_GetUserById -->
