<?xml version="1.0" encoding="UTF-8"?>
<!-- Generated by org.testng.reporters.JUnitReportReporter -->
<testsuite hostname="DESKTOP-B9HQEPC" failures="0" tests="1" name="testcases.books.TC01_CreateNewBook" time="2.705" errors="0" timestamp="2025-05-25T02:17:44 EEST" skipped="0">
  <testcase classname="testcases.books.TC01_CreateNewBook" name="verifyCreateNewBook_P" time="2.705"/>
</testsuite> <!-- testcases.books.TC01_CreateNewBook -->
