<?xml version="1.0" encoding="UTF-8"?>
<!-- Generated by org.testng.reporters.JUnitReportReporter -->
<testsuite hostname="DESKTOP-B9HQEPC" failures="0" tests="1" name="testcases.households.TC03_UpdateHouseHold" time="0.051" errors="0" timestamp="2025-05-24T21:10:43 EEST" skipped="0">
  <testcase classname="testcases.households.TC03_UpdateHouseHold" name="verifyUpdateHouseHold_P" time="0.051"/>
</testsuite> <!-- testcases.households.TC03_UpdateHouseHold -->
