<?xml version="1.0" encoding="UTF-8"?>
<!-- Generated by org.testng.reporters.JUnitReportReporter -->
<testsuite hostname="DESKTOP-B9HQEPC" failures="0" tests="1" name="testcases.externaldata.TC02_CreateNewBook_RandomMethod" time="0.035" errors="0" timestamp="2025-05-25T02:17:44 EEST" skipped="0">
  <testcase classname="testcases.externaldata.TC02_CreateNewBook_RandomMethod" name="validateCreateRandomMethod_P" time="0.035"/>
</testsuite> <!-- testcases.externaldata.TC02_CreateNewBook_RandomMethod -->
