<?xml version="1.0" encoding="UTF-8"?>
<!-- Generated by org.testng.reporters.JUnitReportReporter -->
<testsuite hostname="DESKTOP-B9HQEPC" failures="0" tests="1" name="testcases.externaldata.TC01_CreateNewBook_DataFaker" time="0.057" errors="0" timestamp="2025-05-25T02:17:44 EEST" skipped="0">
  <testcase classname="testcases.externaldata.TC01_CreateNewBook_DataFaker" name="validateCreateNewBookWithFakerData_P" time="0.057"/>
</testsuite> <!-- testcases.externaldata.TC01_CreateNewBook_DataFaker -->
